This is pdfTeX, Version 3.1415926-2.3-1.40.12 (MiKTeX 2.9) (preloaded format=pdflatex 2012.9.21)  12 APR 2013 17:36
entering extended mode
**\input chua_circuit.tex
(c:\Users\erispre\Documents\GitHub\ipds\Verslag\chua_circuit.tex
("C:\Program Files (x86)\MiKTeX 2.9\tex\latex\base\article.cls"
Document Class: article 2007/10/19 v1.4h Standard LaTeX document class
("C:\Program Files (x86)\MiKTeX 2.9\tex\latex\base\size10.clo"
File: size10.clo 2007/10/19 v1.4h Standard LaTeX file (size option)
)
\c@part=\count79
\c@section=\count80
\c@subsection=\count81
\c@subsubsection=\count82
\c@paragraph=\count83
\c@subparagraph=\count84
\c@figure=\count85
\c@table=\count86
\abovecaptionskip=\skip41
\belowcaptionskip=\skip42
\bibindent=\dimen102
)
("C:\Program Files (x86)\MiKTeX 2.9\tex\latex\ams\math\amsmath.sty"
Package: amsmath 2000/07/18 v2.13 AMS math features
\@mathmargin=\skip43

For additional information on amsmath, use the `?' option.
("C:\Program Files (x86)\MiKTeX 2.9\tex\latex\ams\math\amstext.sty"
Package: amstext 2000/06/29 v2.01

("C:\Program Files (x86)\MiKTeX 2.9\tex\latex\ams\math\amsgen.sty"
File: amsgen.sty 1999/11/30 v2.0
\@emptytoks=\toks14
\ex@=\dimen103
))
("C:\Program Files (x86)\MiKTeX 2.9\tex\latex\ams\math\amsbsy.sty"
Package: amsbsy 1999/11/29 v1.2d
\pmbraise@=\dimen104
)
("C:\Program Files (x86)\MiKTeX 2.9\tex\latex\ams\math\amsopn.sty"
Package: amsopn 1999/12/14 v2.01 operator names
)
\inf@bad=\count87
LaTeX Info: Redefining \frac on input line 211.
\uproot@=\count88
\leftroot@=\count89
LaTeX Info: Redefining \overline on input line 307.
\classnum@=\count90
\DOTSCASE@=\count91
LaTeX Info: Redefining \ldots on input line 379.
LaTeX Info: Redefining \dots on input line 382.
LaTeX Info: Redefining \cdots on input line 467.
\Mathstrutbox@=\box26
\strutbox@=\box27
\big@size=\dimen105
LaTeX Font Info:    Redeclaring font encoding OML on input line 567.
LaTeX Font Info:    Redeclaring font encoding OMS on input line 568.
\macc@depth=\count92
\c@MaxMatrixCols=\count93
\dotsspace@=\muskip10
\c@parentequation=\count94
\dspbrk@lvl=\count95
\tag@help=\toks15
\row@=\count96
\column@=\count97
\maxfields@=\count98
\andhelp@=\toks16
\eqnshift@=\dimen106
\alignsep@=\dimen107
\tagshift@=\dimen108
\tagwidth@=\dimen109
\totwidth@=\dimen110
\lineht@=\dimen111
\@envbody=\toks17
\multlinegap=\skip44
\multlinetaggap=\skip45
\mathdisplay@stack=\toks18
LaTeX Info: Redefining \[ on input line 2666.
LaTeX Info: Redefining \] on input line 2667.
)
("C:\Program Files (x86)\MiKTeX 2.9\tex\latex\amsfonts\amssymb.sty"
Package: amssymb 2009/06/22 v3.00

("C:\Program Files (x86)\MiKTeX 2.9\tex\latex\amsfonts\amsfonts.sty"
Package: amsfonts 2009/06/22 v3.00 Basic AMSFonts support
\symAMSa=\mathgroup4
\symAMSb=\mathgroup5
LaTeX Font Info:    Overwriting math alphabet `\mathfrak' in version `bold'
(Font)                  U/euf/m/n --> U/euf/b/n on input line 96.
))
("C:\Program Files (x86)\MiKTeX 2.9\tex\latex\ams\classes\amsthm.sty"
Package: amsthm 2004/08/06 v2.20
\thm@style=\toks19
\thm@bodyfont=\toks20
\thm@headfont=\toks21
\thm@notefont=\toks22
\thm@headpunct=\toks23
\thm@preskip=\skip46
\thm@postskip=\skip47
\thm@headsep=\skip48
\dth@everypar=\toks24
)
("C:\Program Files (x86)\MiKTeX 2.9\tex\latex\graphics\graphicx.sty"
Package: graphicx 1999/02/16 v1.0f Enhanced LaTeX Graphics (DPC,SPQR)

("C:\Program Files (x86)\MiKTeX 2.9\tex\latex\graphics\keyval.sty"
Package: keyval 1999/03/16 v1.13 key=value parser (DPC)
\KV@toks@=\toks25
)
("C:\Program Files (x86)\MiKTeX 2.9\tex\latex\graphics\graphics.sty"
Package: graphics 2009/02/05 v1.0o Standard LaTeX Graphics (DPC,SPQR)

("C:\Program Files (x86)\MiKTeX 2.9\tex\latex\graphics\trig.sty"
Package: trig 1999/03/16 v1.09 sin cos tan (DPC)
)
("C:\Program Files (x86)\MiKTeX 2.9\tex\latex\00miktex\graphics.cfg"
File: graphics.cfg 2007/01/18 v1.5 graphics configuration of teTeX/TeXLive
)
Package graphics Info: Driver file: pdftex.def on input line 91.

("C:\Program Files (x86)\MiKTeX 2.9\tex\latex\pdftex-def\pdftex.def"
File: pdftex.def 2011/05/27 v0.06d Graphics/color for pdfTeX

("C:\Program Files (x86)\MiKTeX 2.9\tex\generic\oberdiek\infwarerr.sty"
Package: infwarerr 2010/04/08 v1.3 Providing info/warning/error messages (HO)
)
("C:\Program Files (x86)\MiKTeX 2.9\tex\generic\oberdiek\ltxcmds.sty"
Package: ltxcmds 2011/11/09 v1.22 LaTeX kernel commands for general use (HO)
)
\Gread@gobject=\count99
))
\Gin@req@height=\dimen112
\Gin@req@width=\dimen113
)
("C:\Program Files (x86)\MiKTeX 2.9\tex\latex\listings\listings.sty"
\lst@mode=\count100
\lst@gtempboxa=\box28
\lst@token=\toks26
\lst@length=\count101
\lst@currlwidth=\dimen114
\lst@column=\count102
\lst@pos=\count103
\lst@lostspace=\dimen115
\lst@width=\dimen116
\lst@newlines=\count104
\lst@lineno=\count105
\lst@maxwidth=\dimen117

("C:\Program Files (x86)\MiKTeX 2.9\tex\latex\listings\lstmisc.sty"
File: lstmisc.sty 2007/02/22 1.4 (Carsten Heinz)
\c@lstnumber=\count106
\lst@skipnumbers=\count107
\lst@framebox=\box29
)
("C:\Program Files (x86)\MiKTeX 2.9\tex\latex\listings\listings.cfg"
File: listings.cfg 2007/02/22 1.4 listings configuration
))
Package: listings 2007/02/22 1.4 (Carsten Heinz)

("C:\Program Files (x86)\MiKTeX 2.9\tex\latex\caption\caption.sty"
Package: caption 2013/01/06 v3.3 Customizing captions (AR)

("C:\Program Files (x86)\MiKTeX 2.9\tex\latex\caption\caption3.sty"
Package: caption3 2013/01/06 v1.5 caption3 kernel (AR)
\captionmargin=\dimen118
\captionmargin@=\dimen119
\captionwidth=\dimen120
\caption@tempdima=\dimen121
\caption@indent=\dimen122
\caption@parindent=\dimen123
\caption@hangindent=\dimen124
)
\c@ContinuedFloat=\count108
Package caption Info: listings package is loaded.
)
("C:\Program Files (x86)\MiKTeX 2.9\tex\latex\subfig\subfig.sty"
Package: subfig 2005/06/28 ver: 1.3 subfig package
\c@KVtest=\count109
\sf@farskip=\skip49
\sf@captopadj=\dimen125
\sf@capskip=\skip50
\sf@nearskip=\skip51
\c@subfigure=\count110
\c@subfigure@save=\count111
\c@lofdepth=\count112
\c@subtable=\count113
\c@subtable@save=\count114
\c@lotdepth=\count115
\sf@top=\skip52
\sf@bottom=\skip53
)
(c:\Users\erispre\Documents\GitHub\ipds\Verslag\chua_circuit.aux)
LaTeX Font Info:    Checking defaults for OML/cmm/m/it on input line 14.
LaTeX Font Info:    ... okay on input line 14.
LaTeX Font Info:    Checking defaults for T1/cmr/m/n on input line 14.
LaTeX Font Info:    ... okay on input line 14.
LaTeX Font Info:    Checking defaults for OT1/cmr/m/n on input line 14.
LaTeX Font Info:    ... okay on input line 14.
LaTeX Font Info:    Checking defaults for OMS/cmsy/m/n on input line 14.
LaTeX Font Info:    ... okay on input line 14.
LaTeX Font Info:    Checking defaults for OMX/cmex/m/n on input line 14.
LaTeX Font Info:    ... okay on input line 14.
LaTeX Font Info:    Checking defaults for U/cmr/m/n on input line 14.
LaTeX Font Info:    ... okay on input line 14.

("C:\Program Files (x86)\MiKTeX 2.9\tex\context\base\supp-pdf.mkii"
[Loading MPS to PDF converter (version 2006.09.02).]
\scratchcounter=\count116
\scratchdimen=\dimen126
\scratchbox=\box30
\nofMPsegments=\count117
\nofMParguments=\count118
\everyMPshowfont=\toks27
\MPscratchCnt=\count119
\MPscratchDim=\dimen127
\MPnumerator=\count120
\makeMPintoPDFobject=\count121
\everyMPtoPDFconversion=\toks28
)
\c@lstlisting=\count122
Package caption Info: Begin \AtBeginDocument code.
Package caption Info: subfig package v1.3 is loaded.
Package caption Info: End \AtBeginDocument code.
LaTeX Font Info:    Try loading font information for U+msa on input line 15.
 ("C:\Program Files (x86)\MiKTeX 2.9\tex\latex\amsfonts\umsa.fd"
File: umsa.fd 2009/06/22 v3.00 AMS symbols A
)
LaTeX Font Info:    Try loading font information for U+msb on input line 15.

("C:\Program Files (x86)\MiKTeX 2.9\tex\latex\amsfonts\umsb.fd"
File: umsb.fd 2009/06/22 v3.00 AMS symbols B
)
(c:\Users\erispre\Documents\GitHub\ipds\Verslag\intro.tex
<./figures/chuacircuit.png, id=1, 238.8925pt x 170.6375pt>
File: ./figures/chuacircuit.png Graphic file (type png)

<use ./figures/chuacircuit.png>
Package pdftex.def Info: ./figures/chuacircuit.png used on input line 26.
(pdftex.def)             Requested size: 238.8919pt x 170.63707pt.

Overfull \hbox (9.3919pt too wide) in paragraph at lines 26--27
 [][] 
 []


LaTeX Warning: `h' float specifier changed to `ht'.


Underfull \vbox (badness 2582) has occurred while \output is active []

)
(c:\Users\erispre\Documents\GitHub\ipds\Verslag\equilibria.tex [1{C:/ProgramDat
a/MiKTeX/2.9/pdftex/config/pdftex.map}


 <c:/Users/erispre/Documents/GitHub/ipds/Verslag/figures/chuacircuit.png>] [2]
Underfull \hbox (badness 1590) in paragraph at lines 197--203
 \OT1/cmr/bx/n/10 Real eigen-val-ues[] \OT1/cmr/m/n/10 We first note that be-ca
use
 []

[3]) (c:\Users\erispre\Documents\GitHub\ipds\Verslag\bifurcations.tex)
(c:\Users\erispre\Documents\GitHub\ipds\Verslag\chua_circuit.bbl) [4]
(c:\Users\erispre\Documents\GitHub\ipds\Verslag\mathematica.tex
("C:\Program Files (x86)\MiKTeX 2.9\tex\latex\listings\lstlang1.sty"
File: lstlang1.sty 2004/09/05 1.3 listings language file
)
("C:\Program Files (x86)\MiKTeX 2.9\tex\latex\listings\lstlang1.sty"
File: lstlang1.sty 2004/09/05 1.3 listings language file
)
("C:\Program Files (x86)\MiKTeX 2.9\tex\latex\listings\lstlang1.sty"
File: lstlang1.sty 2004/09/05 1.3 listings language file
)
LaTeX Font Info:    Try loading font information for OMS+cmr on input line 19.

("C:\Program Files (x86)\MiKTeX 2.9\tex\latex\base\omscmr.fd"
File: omscmr.fd 1999/05/25 v2.5h Standard LaTeX font definitions
)
LaTeX Font Info:    Font shape `OMS/cmr/m/n' in size <10> not available
(Font)              Font shape `OMS/cmsy/m/n' tried instead on input line 19.
LaTeX Font Info:    Try loading font information for OML+cmr on input line 25.

("C:\Program Files (x86)\MiKTeX 2.9\tex\latex\base\omlcmr.fd"
File: omlcmr.fd 1999/05/25 v2.5h Standard LaTeX font definitions
)
LaTeX Font Info:    Font shape `OML/cmr/m/n' in size <10> not available
(Font)              Font shape `OML/cmm/m/it' tried instead on input line 25.
) [5

]
(c:\Users\erispre\Documents\GitHub\ipds\Verslag\figures.tex
<./figures/a5.png, id=35, 422.32782pt x 316.18124pt>
File: ./figures/a5.png Graphic file (type png)
 <use ./figures/a5.png>
Package pdftex.def Info: ./figures/a5.png used on input line 8.
(pdftex.def)             Requested size: 234.5pt x 175.56468pt.

<./figures/a6-3.png, id=36, 422.32782pt x 316.18124pt>
File: ./figures/a6-3.png Graphic file (type png)

<use ./figures/a6-3.png>
Package pdftex.def Info: ./figures/a6-3.png used on input line 11.
(pdftex.def)             Requested size: 234.5pt x 175.56468pt.

<./figures/a6-68.png, id=37, 422.32782pt x 316.18124pt>
File: ./figures/a6-68.png Graphic file (type png)

<use ./figures/a6-68.png>
Package pdftex.def Info: ./figures/a6-68.png used on input line 14.
(pdftex.def)             Requested size: 234.5pt x 175.56468pt.

<./figures/a7-5.png, id=38, 422.32782pt x 316.18124pt>
File: ./figures/a7-5.png Graphic file (type png)

<use ./figures/a7-5.png>
Package pdftex.def Info: ./figures/a7-5.png used on input line 17.
(pdftex.def)             Requested size: 234.5pt x 175.56468pt.

<./figures/a8-5.png, id=39, 422.32782pt x 316.18124pt>
File: ./figures/a8-5.png Graphic file (type png)

<use ./figures/a8-5.png>
Package pdftex.def Info: ./figures/a8-5.png used on input line 25.
(pdftex.def)             Requested size: 234.5pt x 175.56468pt.
 <./figures/a9.png, id=40, 422.32782pt x 316.18124pt>
File: ./figures/a9.png Graphic file (type png)

<use ./figures/a9.png>
Package pdftex.def Info: ./figures/a9.png used on input line 28.
(pdftex.def)             Requested size: 234.5pt x 175.56468pt.
 <./figures/a9-8.png, id=41, 422.32782pt x 316.18124pt>
File: ./figures/a9-8.png Graphic file (type png)

<use ./figures/a9-8.png>
Package pdftex.def Info: ./figures/a9-8.png used on input line 31.
(pdftex.def)             Requested size: 234.5pt x 175.56468pt.

<./figures/a10-5.png, id=42, 422.32782pt x 316.18124pt>
File: ./figures/a10-5.png Graphic file (type png)

<use ./figures/a10-5.png>
Package pdftex.def Info: ./figures/a10-5.png used on input line 34.
(pdftex.def)             Requested size: 234.5pt x 175.56468pt.

<./figures/a12.png, id=43, 422.32782pt x 316.18124pt>
File: ./figures/a12.png Graphic file (type png)
 <use ./figures/a12.png>
Package pdftex.def Info: ./figures/a12.png used on input line 37.
(pdftex.def)             Requested size: 234.5pt x 175.56468pt.


LaTeX Warning: Float too large for page by 49.194pt on input line 38.


LaTeX Warning: `h' float specifier changed to `ht'.

) [6 <c:/Users/erispre/Documents/GitHub/ipds/Verslag/figures/a5.png (PNG copy)>
 <c:/Users/erispre/Documents/GitHub/ipds/Verslag/figures/a6-3.png (PNG copy)> <
c:/Users/erispre/Documents/GitHub/ipds/Verslag/figures/a6-68.png (PNG copy)> <c
:/Users/erispre/Documents/GitHub/ipds/Verslag/figures/a7-5.png (PNG copy)>]
[7 <c:/Users/erispre/Documents/GitHub/ipds/Verslag/figures/a8-5.png (PNG copy)>
 <c:/Users/erispre/Documents/GitHub/ipds/Verslag/figures/a9.png (PNG copy)> <c:
/Users/erispre/Documents/GitHub/ipds/Verslag/figures/a9-8.png (PNG copy)> <c:/U
sers/erispre/Documents/GitHub/ipds/Verslag/figures/a10-5.png (PNG copy)> <c:/Us
ers/erispre/Documents/GitHub/ipds/Verslag/figures/a12.png (PNG copy)>]
(c:\Users\erispre\Documents\GitHub\ipds\Verslag\chua_circuit.aux) ) 
Here is how much of TeX's memory you used:
 6625 strings out of 494045
 101483 string characters out of 3145963
 310320 words of memory out of 3000000
 9852 multiletter control sequences out of 15000+200000
 11849 words of font info for 46 fonts, out of 3000000 for 9000
 715 hyphenation exceptions out of 8191
 41i,14n,60p,259b,3146s stack positions out of 5000i,500n,10000p,200000b,50000s
<C:/Program 
Files (x86)/MiKTeX 2.9/fonts/type1/public/amsfonts/cm/cmbx10.pfb><C:/Program Fi
les (x86)/MiKTeX 2.9/fonts/type1/public/amsfonts/cm/cmbx12.pfb><C:/Program File
s (x86)/MiKTeX 2.9/fonts/type1/public/amsfonts/cm/cmex10.pfb><C:/Program Files 
(x86)/MiKTeX 2.9/fonts/type1/public/amsfonts/cm/cmmi10.pfb><C:/Program Files (x
86)/MiKTeX 2.9/fonts/type1/public/amsfonts/cm/cmmi12.pfb><C:/Program Files (x86
)/MiKTeX 2.9/fonts/type1/public/amsfonts/cm/cmmi7.pfb><C:/Program Files (x86)/M
iKTeX 2.9/fonts/type1/public/amsfonts/cm/cmmi8.pfb><C:/Program Files (x86)/MiKT
eX 2.9/fonts/type1/public/amsfonts/cm/cmr10.pfb><C:/Program Files (x86)/MiKTeX 
2.9/fonts/type1/public/amsfonts/cm/cmr12.pfb><C:/Program Files (x86)/MiKTeX 2.9
/fonts/type1/public/amsfonts/cm/cmr17.pfb><C:/Program Files (x86)/MiKTeX 2.9/fo
nts/type1/public/amsfonts/cm/cmr5.pfb><C:/Program Files (x86)/MiKTeX 2.9/fonts/
type1/public/amsfonts/cm/cmr7.pfb><C:/Program Files (x86)/MiKTeX 2.9/fonts/type
1/public/amsfonts/cm/cmr8.pfb><C:/Program Files (x86)/MiKTeX 2.9/fonts/type1/pu
blic/amsfonts/cm/cmsy10.pfb><C:/Program Files (x86)/MiKTeX 2.9/fonts/type1/publ
ic/amsfonts/cm/cmsy7.pfb><C:/Program Files (x86)/MiKTeX 2.9/fonts/type1/public/
amsfonts/cm/cmsy8.pfb><C:/Program Files (x86)/MiKTeX 2.9/fonts/type1/public/ams
fonts/cm/cmti10.pfb><C:/Program Files (x86)/MiKTeX 2.9/fonts/type1/public/amsfo
nts/symbols/msbm10.pfb>
Output written on chua_circuit.pdf (7 pages, 323260 bytes).
PDF statistics:
 109 PDF objects out of 1000 (max. 8388607)
 0 named destinations out of 1000 (max. 500000)
 51 words of extra memory for PDF output out of 10000 (max. 10000000)

